  main.cpp
main.obj : error LNK2019: ёё√ыър эр эхЁрчЁх°хээ√щ тэх°эшщ ёшьтюы "public: __thiscall sf::String::String(char const *,class std::locale const &)" (??0String@sf@@QAE@PBDABVlocale@std@@@Z) т ЇєэъЎшш _main
main.obj : error LNK2019: ёё√ыър эр эхЁрчЁх°хээ√щ тэх°эшщ ёшьтюы "public: __thiscall sf::VideoMode::VideoMode(unsigned int,unsigned int,unsigned int)" (??0VideoMode@sf@@QAE@III@Z) т ЇєэъЎшш _main
main.obj : error LNK2019: ёё√ыър эр эхЁрчЁх°хээ√щ тэх°эшщ ёшьтюы "public: void __thiscall sf::Window::close(void)" (?close@Window@sf@@QAEXXZ) т ЇєэъЎшш _main
main.obj : error LNK2019: ёё√ыър эр эхЁрчЁх°хээ√щ тэх°эшщ ёшьтюы "public: bool __thiscall sf::Window::isOpen(void)const " (?isOpen@Window@sf@@QBE_NXZ) т ЇєэъЎшш _main
main.obj : error LNK2019: ёё√ыър эр эхЁрчЁх°хээ√щ тэх°эшщ ёшьтюы "public: bool __thiscall sf::Window::pollEvent(class sf::Event &)" (?pollEvent@Window@sf@@QAE_NAAVEvent@2@@Z) т ЇєэъЎшш _main
main.obj : error LNK2019: ёё√ыър эр эхЁрчЁх°хээ√щ тэх°эшщ ёшьтюы "public: void __thiscall sf::Window::display(void)" (?display@Window@sf@@QAEXXZ) т ЇєэъЎшш _main
main.obj : error LNK2019: ёё√ыър эр эхЁрчЁх°хээ√щ тэх°эшщ ёшьтюы "public: __thiscall sf::Color::Color(unsigned char,unsigned char,unsigned char,unsigned char)" (??0Color@sf@@QAE@EEEE@Z) т ЇєэъЎшш _main
main.obj : error LNK2019: ёё√ыър эр эхЁрчЁх°хээ√щ тэх°эшщ ёшьтюы "public: virtual __thiscall sf::Shape::~Shape(void)" (??1Shape@sf@@UAE@XZ) т ЇєэъЎшш "public: virtual __thiscall sf::CircleShape::~CircleShape(void)" (??1CircleShape@sf@@UAE@XZ)
main.obj : error LNK2019: ёё√ыър эр эхЁрчЁх°хээ√щ тэх°эшщ ёшьтюы "public: void __thiscall sf::Shape::setFillColor(class sf::Color const &)" (?setFillColor@Shape@sf@@QAEXABVColor@2@@Z) т ЇєэъЎшш _main
main.obj : error LNK2019: ёё√ыър эр эхЁрчЁх°хээ√щ тэх°эшщ ёшьтюы "public: __thiscall sf::CircleShape::CircleShape(float,unsigned int)" (??0CircleShape@sf@@QAE@MI@Z) т ЇєэъЎшш _main
main.obj : error LNK2019: ёё√ыър эр эхЁрчЁх°хээ√щ тэх°эшщ ёшьтюы "public: void __thiscall sf::RenderTarget::clear(class sf::Color const &)" (?clear@RenderTarget@sf@@QAEXABVColor@2@@Z) т ЇєэъЎшш _main
main.obj : error LNK2019: ёё√ыър эр эхЁрчЁх°хээ√щ тэх°эшщ ёшьтюы "public: void __thiscall sf::RenderTarget::draw(class sf::Drawable const &,class sf::RenderStates const &)" (?draw@RenderTarget@sf@@QAEXABVDrawable@2@ABVRenderStates@2@@Z) т ЇєэъЎшш _main
main.obj : error LNK2019: ёё√ыър эр эхЁрчЁх°хээ√щ тэх°эшщ ёшьтюы "public: __thiscall sf::RenderWindow::RenderWindow(class sf::VideoMode,class sf::String const &,unsigned int,struct sf::ContextSettings const &)" (??0RenderWindow@sf@@QAE@VVideoMode@1@ABVString@1@IABUContextSettings@1@@Z) т ЇєэъЎшш _main
main.obj : error LNK2019: ёё√ыър эр эхЁрчЁх°хээ√щ тэх°эшщ ёшьтюы "public: virtual __thiscall sf::RenderWindow::~RenderWindow(void)" (??1RenderWindow@sf@@UAE@XZ) т ЇєэъЎшш _main
main.obj : error LNK2001: эхЁрчЁх°хээ√щ тэх°эшщ ёшьтюы ""public: static class sf::RenderStates const sf::RenderStates::Default" (?Default@RenderStates@sf@@2V12@B)"
main.obj : error LNK2001: эхЁрчЁх°хээ√щ тэх°эшщ ёшьтюы ""public: static class sf::Color const sf::Color::Green" (?Green@Color@sf@@2V12@B)"
C:\Users\User\Desktop\include\SFML-2.5.1\lib\sfml-graphics-d.lib : warning LNK4272: Єшя ъюья№■ЄхЁр сшсышюЄхъш "x64" ъюэЇышъЄєхЄ ё Єшяюь Ўхыхтюую ъюья№■ЄхЁр "x86"
C:\Users\User\Desktop\include\SFML-2.5.1\lib\sfml-window-d.lib : warning LNK4272: Єшя ъюья№■ЄхЁр сшсышюЄхъш "x64" ъюэЇышъЄєхЄ ё Єшяюь Ўхыхтюую ъюья№■ЄхЁр "x86"
C:\Users\User\Desktop\include\SFML-2.5.1\lib\sfml-system-d.lib : warning LNK4272: Єшя ъюья№■ЄхЁр сшсышюЄхъш "x64" ъюэЇышъЄєхЄ ё Єшяюь Ўхыхтюую ъюья№■ЄхЁр "x86"
C:\Users\User\source\repos\zmeya\Debug\zmeya.exe : fatal error LNK1120: эхЁрчЁх°хээ√ї тэх°эшї ¤ыхьхэЄют: 16
